#-----------------------------------------------------------
# Vivado v2021.1 (64-bit)
# SW Build 3247384 on Thu Jun 10 19:36:33 MDT 2021
# IP Build 3246043 on Fri Jun 11 00:30:35 MDT 2021
# Start of session at: Tue Feb 15 11:17:47 2022
# Process ID: 9652
# Current directory: C:/Users/kenry/OneDrive - CSULB/2021 - 2022/Spring 2022/CECS 341/Lab 3/lab_3
# Command line: vivado.exe -gui_launcher_event rodinguilauncherevent9896 C:\Users\kenry\OneDrive - CSULB\2021 - 2022\Spring 2022\CECS 341\Lab 3\lab_3\lab_3.xpr
# Log file: C:/Users/kenry/OneDrive - CSULB/2021 - 2022/Spring 2022/CECS 341/Lab 3/lab_3/vivado.log
# Journal file: C:/Users/kenry/OneDrive - CSULB/2021 - 2022/Spring 2022/CECS 341/Lab 3/lab_3\vivado.jou
#-----------------------------------------------------------
start_gui
open_project {C:/Users/kenry/OneDrive - CSULB/2021 - 2022/Spring 2022/CECS 341/Lab 3/lab_3/lab_3.xpr}
WARNING: [filemgmt 56-3] Default IP Output Path : Could not find the directory 'C:/Users/kenry/OneDrive - CSULB/2021 - 2022/Spring 2022/CECS 341/Lab 3/lab_3/lab_3.gen/sources_1'.
Scanning sources...
Finished scanning sources
INFO: [IP_Flow 19-234] Refreshing IP repositories
INFO: [IP_Flow 19-1704] No user IP repositories specified
INFO: [IP_Flow 19-2313] Loaded Vivado IP repository 'C:/Xilinx/Vivado/2021.1/data/ip'.
file mkdir C:/Users/kenry/OneDrive - CSULB/2021 - 2022/Spring 2022/CECS 341/Lab 3/lab_3/lab_3.srcs/sources_1/new
file mkdir C:/Users/kenry/OneDrive - CSULB/2021 - 2022/Spring 2022/CECS 341/Lab 3/lab_3/lab_3.srcs/sources_1/new
file mkdir C:/Users/kenry/OneDrive - CSULB/2021 - 2022/Spring 2022/CECS 341/Lab 3/lab_3/lab_3.srcs/sources_1/new
file mkdir C:/Users/kenry/OneDrive - CSULB/2021 - 2022/Spring 2022/CECS 341/Lab 3/lab_3/lab_3.srcs/sources_1/new
file mkdir C:/Users/kenry/OneDrive - CSULB/2021 - 2022/Spring 2022/CECS 341/Lab 3/lab_3/lab_3.srcs/sources_1/new
file mkdir C:/Users/kenry/OneDrive - CSULB/2021 - 2022/Spring 2022/CECS 341/Lab 3/lab_3/lab_3.srcs/sources_1/new
file mkdir {C:/Users/kenry/OneDrive - CSULB/2021 - 2022/Spring 2022/CECS 341/Lab 3/lab_3/lab_3.srcs/sources_1/new}
close [ open {C:/Users/kenry/OneDrive - CSULB/2021 - 2022/Spring 2022/CECS 341/Lab 3/lab_3/lab_3.srcs/sources_1/new/alu.v} w ]
add_files {{C:/Users/kenry/OneDrive - CSULB/2021 - 2022/Spring 2022/CECS 341/Lab 3/lab_3/lab_3.srcs/sources_1/new/alu.v}}
update_compile_order -fileset sources_1
exit
INFO: [Common 17-206] Exiting Vivado at Tue Feb 15 11:33:50 2022...
